Using pre-set license
Built from '2020.3/staging' branch; Version is '2020.3.32f1 (12f8b0834f07) revision 1243312'; Using compiler version '192528614'; Build Type 'Release'
OS: 'Windows 10  (10.0.19042) 64bit CoreSingleLanguage' Language: 'pt' Physical Memory: 8097 MB
BatchMode: 1, IsHumanControllingUs: 0, StartBugReporterOnCrash: 0, Is64bit: 1, IsPro: 0

COMMAND LINE ARGUMENTS:
C:\unity\2020.3.32f1\Editor\Unity.exe
-adb2
-batchMode
-noUpm
-name
AssetImportWorker0
-projectPath
C:/projects/game_dev/Prision of Nightmares
-logFile
Logs/AssetImportWorker0.log
-srvPort
63231
Successfully changed project path to: C:/projects/game_dev/Prision of Nightmares
C:/projects/game_dev/Prision of Nightmares
Using Asset Import Pipeline V2.
Refreshing native plugins compatible for Editor in 210.28 ms, found 3 plugins.
Preloading 0 native plugins for Editor in 0.00 ms.
Initialize engine version: 2020.3.32f1 (12f8b0834f07)
[Subsystems] Discovering subsystems at path C:/unity/2020.3.32f1/Editor/Data/Resources/UnitySubsystems
[Subsystems] Discovering subsystems at path C:/projects/game_dev/Prision of Nightmares/Assets
GfxDevice: creating device client; threaded=0
Direct3D:
    Version:  Direct3D 11.0 [level 11.0]
    Renderer: NVIDIA GeForce GT 740M (ID=0x1292)
    Vendor:   
    VRAM:     2009 MB
    Driver:   25.21.14.2531
Initialize mono
Mono path[0] = 'C:/unity/2020.3.32f1/Editor/Data/Managed'
Mono path[1] = 'C:/unity/2020.3.32f1/Editor/Data/MonoBleedingEdge/lib/mono/unityjit'
Mono config path = 'C:/unity/2020.3.32f1/Editor/Data/MonoBleedingEdge/etc'
Using monoOptions --debugger-agent=transport=dt_socket,embedding=1,server=y,suspend=n,address=127.0.0.1:56628
Begin MonoManager ReloadAssembly
Registering precompiled unity dll's ...
Register platform support module: C:/unity/2020.3.32f1/Editor/Data/PlaybackEngines/WindowsStandaloneSupport/UnityEditor.WindowsStandalone.Extensions.dll
Registered in 0.004764 seconds.
Native extension for WindowsStandalone target not found
Refreshing native plugins compatible for Editor in 134.44 ms, found 3 plugins.
Preloading 0 native plugins for Editor in 0.00 ms.
Mono: successfully reloaded assembly
- Completed reload, in  1.375 seconds
Domain Reload Profiling:
	ReloadAssembly (1375ms)
		BeginReloadAssembly (180ms)
			ExecutionOrderSort (0ms)
			DisableScriptedObjects (0ms)
			BackupInstance (0ms)
			ReleaseScriptingObjects (0ms)
			CreateAndSetChildDomain (2ms)
		EndReloadAssembly (1026ms)
			LoadAssemblies (174ms)
			RebuildTransferFunctionScriptingTraits (0ms)
			SetupTypeCache (411ms)
			ReleaseScriptCaches (0ms)
			RebuildScriptCaches (57ms)
			SetupLoadedEditorAssemblies (345ms)
				LogAssemblyErrors (0ms)
				InitializePlatformSupportModulesInManaged (8ms)
				SetLoadedEditorAssemblies (0ms)
				RefreshPlugins (135ms)
				BeforeProcessingInitializeOnLoad (20ms)
				ProcessInitializeOnLoadAttributes (137ms)
				ProcessInitializeOnLoadMethodAttributes (45ms)
				AfterProcessingInitializeOnLoad (0ms)
				EditorAssembliesLoaded (0ms)
			ExecutionOrderSort2 (0ms)
			AwakeInstancesAfterBackupRestoration (0ms)
Platform modules already initialized, skipping
Registering precompiled user dll's ...
Registered in 0.007690 seconds.
Begin MonoManager ReloadAssembly
Native extension for WindowsStandalone target not found
Refreshing native plugins compatible for Editor in 130.22 ms, found 3 plugins.
Preloading 0 native plugins for Editor in 0.00 ms.
Mono: successfully reloaded assembly
- Completed reload, in  2.174 seconds
Domain Reload Profiling:
	ReloadAssembly (2175ms)
		BeginReloadAssembly (267ms)
			ExecutionOrderSort (0ms)
			DisableScriptedObjects (8ms)
			BackupInstance (0ms)
			ReleaseScriptingObjects (0ms)
			CreateAndSetChildDomain (30ms)
		EndReloadAssembly (1801ms)
			LoadAssemblies (201ms)
			RebuildTransferFunctionScriptingTraits (0ms)
			SetupTypeCache (613ms)
			ReleaseScriptCaches (1ms)
			RebuildScriptCaches (100ms)
			SetupLoadedEditorAssemblies (709ms)
				LogAssemblyErrors (0ms)
				InitializePlatformSupportModulesInManaged (5ms)
				SetLoadedEditorAssemblies (0ms)
				RefreshPlugins (130ms)
				BeforeProcessingInitializeOnLoad (183ms)
				ProcessInitializeOnLoadAttributes (347ms)
				ProcessInitializeOnLoadMethodAttributes (29ms)
				AfterProcessingInitializeOnLoad (14ms)
				EditorAssembliesLoaded (0ms)
			ExecutionOrderSort2 (0ms)
			AwakeInstancesAfterBackupRestoration (11ms)
Platform modules already initialized, skipping
========================================================================
Worker process is ready to serve import requests
Launched and connected shader compiler UnityShaderCompiler.exe after 0.25 seconds
Refreshing native plugins compatible for Editor in 1.10 ms, found 3 plugins.
Preloading 0 native plugins for Editor in 0.00 ms.
Unloading 3599 Unused Serialized files (Serialized files now loaded: 0)
System memory in use before: 157.2 MB.
System memory in use after: 157.4 MB.

Unloading 27 unused Assets to reduce memory usage. Loaded Objects now: 4040.
Total: 6.069200 ms (FindLiveObjects: 0.479400 ms CreateObjectMapping: 0.291700 ms MarkObjects: 5.160900 ms  DeleteObjects: 0.135300 ms)

AssetImportParameters requested are different than current active one (requested -> active):
  custom:framework-win-MediaFoundation: 216162199b28c13a410421893ffa2e32 -> 
  custom:video-decoder-ogg-theora: a1e56fd34408186e4bbccfd4996cb3dc -> 
  custom:container-muxer-webm: aa71ff27fc2769a1b78a27578f13a17b -> 
  custom:container-demuxer-webm: 4f35f7cbe854078d1ac9338744f61a02 -> 
  custom:container-demuxer-ogg: 62fdf1f143b41e24485cea50d1cbac27 -> 
  custom:video-encoder-webm-vp8: eb34c28f22e8b96e1ab97ce403110664 -> 
  custom:video-decoder-webm-vp8: 9c59270c3fd7afecdb556c50c9e8de78 -> 
  custom:audio-decoder-ogg-vorbis: bf7c407c2cedff20999df2af8eb42d56 -> 
  custom:audio-encoder-webm-vorbis: bf7c407c2cedff20999df2af8eb42d56 -> 
========================================================================
Received Import Request.
  path: Assets/Scenes/CaveGenLvL01.unity
  artifactKey: Guid(0fbeaebd0b120c749b54b31a372df6ea) Importer(815301076,1909f56bfc062723c751e8b465ee728b)
Start importing Assets/Scenes/CaveGenLvL01.unity using Guid(0fbeaebd0b120c749b54b31a372df6ea) Importer(815301076,1909f56bfc062723c751e8b465ee728b)  -> (artifact id: 'ab48f82eaaea494110b3c19964bfea45') in 0.016436 seconds 
========================================================================
Received Import Request.
  Time since last request: 251.315557 seconds.
  path: Assets/Sprites/scenes
  artifactKey: Guid(255eedb46fe5f00418a4e0fbc465097e) Importer(815301076,1909f56bfc062723c751e8b465ee728b)
Start importing Assets/Sprites/scenes using Guid(255eedb46fe5f00418a4e0fbc465097e) Importer(815301076,1909f56bfc062723c751e8b465ee728b)  -> (artifact id: '87bdfd36cd1b3a063ea3dc95e53112e3') in 0.009948 seconds 
========================================================================
Received Import Request.
  Time since last request: 27.727517 seconds.
  path: Assets/Sprites/effects
  artifactKey: Guid(d99358926db2b4c49b3b6ec565851271) Importer(815301076,1909f56bfc062723c751e8b465ee728b)
Start importing Assets/Sprites/effects using Guid(d99358926db2b4c49b3b6ec565851271) Importer(815301076,1909f56bfc062723c751e8b465ee728b)  -> (artifact id: '882980c8efcb40c844dd0ebe5e56d576') in 0.010866 seconds 
========================================================================
Received Import Request.
  Time since last request: 3.704086 seconds.
  path: Assets/Sprites/dream_pirate_boss
  artifactKey: Guid(44423eeae61baab4f8dd3a8b262fa2dc) Importer(815301076,1909f56bfc062723c751e8b465ee728b)
Start importing Assets/Sprites/dream_pirate_boss using Guid(44423eeae61baab4f8dd3a8b262fa2dc) Importer(815301076,1909f56bfc062723c751e8b465ee728b)  -> (artifact id: 'a57116c34e1a4c2fe81f30300dc7d686') in 0.006895 seconds 
========================================================================
Received Import Request.
  Time since last request: 5.549489 seconds.
  path: Assets/Sprites/crab
  artifactKey: Guid(7d8f3a31aad8c2249935fbb80ae53268) Importer(815301076,1909f56bfc062723c751e8b465ee728b)
Start importing Assets/Sprites/crab using Guid(7d8f3a31aad8c2249935fbb80ae53268) Importer(815301076,1909f56bfc062723c751e8b465ee728b)  -> (artifact id: '1d8e8e703be2e240256fe0beb96e77de') in 0.009523 seconds 
========================================================================
Received Import Request.
  Time since last request: 2309.898575 seconds.
  path: Assets/Sprites/scenes/bob_next_level.png
  artifactKey: Guid(887a5d05af29e5c43a08e1f12948ee57) Importer(815301076,1909f56bfc062723c751e8b465ee728b)
Start importing Assets/Sprites/scenes/bob_next_level.png using Guid(887a5d05af29e5c43a08e1f12948ee57) Importer(815301076,1909f56bfc062723c751e8b465ee728b)  -> (artifact id: '296bac3b8fa54b3ada38abd0871d98dc') in 0.273073 seconds 
========================================================================
Received Import Request.
  Time since last request: 0.000472 seconds.
  path: Assets/Sprites/scenes/initial_intro_front.png
  artifactKey: Guid(45934438052565d478997bccd5f3a57b) Importer(815301076,1909f56bfc062723c751e8b465ee728b)
Start importing Assets/Sprites/scenes/initial_intro_front.png using Guid(45934438052565d478997bccd5f3a57b) Importer(815301076,1909f56bfc062723c751e8b465ee728b)  -> (artifact id: '81cceb408e4c85c6cbe488adaa9c5bfc') in 0.056784 seconds 
========================================================================
Received Import Request.
  Time since last request: 0.000545 seconds.
  path: Assets/Sprites/scenes/initial_intro_window.png
  artifactKey: Guid(9b84dbfe351ae5446999ae1985ed5ae5) Importer(815301076,1909f56bfc062723c751e8b465ee728b)
Start importing Assets/Sprites/scenes/initial_intro_window.png using Guid(9b84dbfe351ae5446999ae1985ed5ae5) Importer(815301076,1909f56bfc062723c751e8b465ee728b)  -> (artifact id: '4fad0d0ccdc923b1748973f06f11db7e') in 0.041282 seconds 
========================================================================
Received Import Request.
  Time since last request: 0.000422 seconds.
  path: Assets/Sprites/scenes/initial_intro_back.png
  artifactKey: Guid(2f25d13aeff95b942b1ce01b3cf1c6b8) Importer(815301076,1909f56bfc062723c751e8b465ee728b)
Start importing Assets/Sprites/scenes/initial_intro_back.png using Guid(2f25d13aeff95b942b1ce01b3cf1c6b8) Importer(815301076,1909f56bfc062723c751e8b465ee728b)  -> (artifact id: 'c4e24866535c9f03ffe0d9cb644b7abd') in 0.037681 seconds 
========================================================================
Received Import Request.
  Time since last request: 0.000688 seconds.
  path: Assets/Sprites/scenes/bob_seat.png
  artifactKey: Guid(dea0a83581205104483c808bcab1908d) Importer(815301076,1909f56bfc062723c751e8b465ee728b)
Start importing Assets/Sprites/scenes/bob_seat.png using Guid(dea0a83581205104483c808bcab1908d) Importer(815301076,1909f56bfc062723c751e8b465ee728b)  -> (artifact id: '0b3c984c85d1089999828e90df92c561') in 0.034454 seconds 
========================================================================
Received Import Request.
  Time since last request: 0.000573 seconds.
  path: Assets/Sprites/scenes/initial_intro_center.png
  artifactKey: Guid(c412b02e1492e6e4cbb5865e2589063c) Importer(815301076,1909f56bfc062723c751e8b465ee728b)
Start importing Assets/Sprites/scenes/initial_intro_center.png using Guid(c412b02e1492e6e4cbb5865e2589063c) Importer(815301076,1909f56bfc062723c751e8b465ee728b)  -> (artifact id: '7e69fbc9c76138d1105f3a8cad9db2b9') in 0.033301 seconds 
========================================================================
Received Import Request.
  Time since last request: 168.334156 seconds.
  path: Assets/Sprites/giant_of_skills/idle.png
  artifactKey: Guid(7bdc3b0ae14d2a047b1284d89a4ab341) Importer(815301076,1909f56bfc062723c751e8b465ee728b)
Start importing Assets/Sprites/giant_of_skills/idle.png using Guid(7bdc3b0ae14d2a047b1284d89a4ab341) Importer(815301076,1909f56bfc062723c751e8b465ee728b)  -> (artifact id: '4c8abb7eb4204cb5d6ec5a68534de238') in 0.060755 seconds 
========================================================================
Received Import Request.
  Time since last request: 32.788536 seconds.
  path: Assets/Sprites/giant_of_skills/idle.png
  artifactKey: Guid(7bdc3b0ae14d2a047b1284d89a4ab341) Importer(815301076,1909f56bfc062723c751e8b465ee728b)
Start importing Assets/Sprites/giant_of_skills/idle.png using Guid(7bdc3b0ae14d2a047b1284d89a4ab341) Importer(815301076,1909f56bfc062723c751e8b465ee728b)  -> (artifact id: '047754bafd3f025f54b916e73e7f919b') in 0.118342 seconds 
AssetImportWorkerClient::OnTransportError - code=2 error=End of file
